{"level":"info","message":"Server Started and Running on http://localhost:9000","timestamp":"2023-07-18T12:06:06.048Z"}
{"level":"info","message":"MongoDB is Connected","timestamp":"2023-07-18T12:06:09.088Z"}
{"level":"info","message":"Server Started and Running on http://localhost:9000","timestamp":"2023-07-18T12:13:46.687Z"}
{"level":"info","message":"MongoDB is Connected","timestamp":"2023-07-18T12:13:49.647Z"}
{"level":"info","message":"Server Started and Running on http://localhost:9000","timestamp":"Jul-18-2023"}
{"level":"info","message":"MongoDB is Connected","timestamp":"Jul-18-2023"}
{"level":"info","message":"Server Started and Running on http://localhost:9000"}
{"level":"info","message":"MongoDB is Connected"}
{"level":"info","message":"Server Started and Running on http://localhost:9000","timestamp":"Jul-18-2023"}
{"level":"info","message":"MongoDB is Connected","timestamp":"Jul-18-2023"}
{"level":"info","message":"Server Started and Running on http://localhost:9000","timestamp":"Jul-18-2023"}
{"level":"info","message":"MongoDB is Connected","timestamp":"Jul-18-2023"}
{"level":"info","message":"MongoDB is Connected","timestamp":"Jul-18-2023"}
{"level":"info","message":"Server Started and Running on http://localhost:9000","timestamp":"Jul-18-2023"}
{"level":"info","message":"Server Started and Running on http://localhost:9000","timestamp":"Jul-18-2023"}
{"level":"info","message":"Server Started and Running on http://localhost:9000","timestamp":"Jul-18-2023"}
{"level":"info","message":"MongoDB is Connected","timestamp":"Jul-18-2023"}
{"level":"info","message":"Server Started and Running on http://localhost:9000","timestamp":"Jul-18-2023"}
{"level":"info","message":"MongoDB is Connected","timestamp":"Jul-18-2023"}
{"level":"info","message":"Server Started and Running on http://localhost:9000","timestamp":"Jul-18-2023"}
{"level":"info","message":"MongoDB is Connected","timestamp":"Jul-18-2023"}
{"level":"info","message":"Server Started and Running on http://localhost:9000","timestamp":"Jul-18-2023 18:28:08"}
{"level":"info","message":"MongoDB is Connected","timestamp":"Jul-18-2023 18:28:11"}
{"level":"info","message":"Server Started and Running on http://localhost:9000","timestamp":"Jul-18-2023 18:30:14"}
{"level":"info","message":"MongoDB is Connected","timestamp":"Jul-18-2023 18:30:16"}
{"level":"info","message":"Server Started and Running on http://localhost:9000","timestamp":"Jul-18-2023 18:30:38"}
{"level":"info","message":"MongoDB is Connected","timestamp":"Jul-18-2023 18:30:41"}
